Server running on port 3000
Connect to [object Object]
xFlow 0
hello world until:2024-11-01 since:2023-10-01
请求成功，响应数据: [object Object]
xFlowCallback 1
xFlow 1
hello world until:2024-11-01 since:2023-10-01
请求成功，响应数据: [object Object]
xFlowCallback 2
xFlow 2
hello world until:2024-11-01 since:2023-10-01
请求成功，响应数据: [object Object]
xFlowCallback 3
xFlow 3
hello world until:2024-11-01 since:2023-10-01
请求成功，响应数据: [object Object]
xFlowCallback 4
xFlow 4
hello world until:2024-11-01 since:2023-10-01
请求成功，响应数据: [object Object]
xFlowCallback 5
xFlow 5
hello world until:2024-11-01 since:2023-10-01
请求成功，响应数据: [object Object]
xFlowCallback 6
xFlow 6
hello world until:2024-11-01 since:2023-10-01
请求成功，响应数据: [object Object]
xFlowCallback 7
xFlow 7
hello world until:2024-11-01 since:2023-10-01
请求成功，响应数据: [object Object]
xFlowCallback 8
xFlow 8
hello world until:2024-11-01 since:2023-10-01
请求成功，响应数据: [object Object]
xFlowCallback 9
xFlow 9
hello world until:2024-11-01 since:2023-10-01
请求成功，响应数据: [object Object]
xFlowCallback 10
xFlow 10
hello world until:2024-11-01 since:2023-10-01
请求成功，响应数据: [object Object]
xFlowCallback 11
xFlow 11
hello world until:2024-11-01 since:2023-10-01
请求成功，响应数据: [object Object]
xFlowCallback 12
xFlow 12
hello world until:2024-11-01 since:2023-10-01
请求成功，响应数据: [object Object]
xFlowCallback 13
xFlow 13
hello world until:2024-11-01 since:2023-10-01
请求成功，响应数据: [object Object]
xFlowCallback 14
xFlow 14
hello world until:2024-11-01 since:2023-10-01
请求成功，响应数据: [object Object]
Server running on port 3000
Server running on port 3000
Server running on port 3000
Server running on port 3000
